app/manifest-merger-release-report.txt
-- Merging decision tree log ---
manifest
ADDED from AndroidManifest.xml:2:1
	xmlns:android
		ADDED from AndroidManifest.xml:2:11
	package
		ADDED from AndroidManifest.xml:3:5
		INJECTED from AndroidManifest.xml:0:0
		INJECTED from AndroidManifest.xml:0:0
	android:versionName
		INJECTED from AndroidManifest.xml:0:0
		INJECTED from AndroidManifest.xml:0:0
	android:versionCode
		INJECTED from AndroidManifest.xml:0:0
		INJECTED from AndroidManifest.xml:0:0
uses-permission#android.permission.INTERNET
ADDED from AndroidManifest.xml:4:5
	android:name
		ADDED from AndroidManifest.xml:4:22
uses-permission#android.permission.WRITE_EXTERNAL_STORAGE
ADDED from AndroidManifest.xml:5:5
	android:name
		ADDED from AndroidManifest.xml:5:22
application
ADDED from AndroidManifest.xml:6:5
MERGED from com.android.support:appcompat-v7:21.0.3:16:5
MERGED from com.android.support:support-v4:21.0.3:16:5
	android:label
		ADDED from AndroidManifest.xml:9:9
	android:allowBackup
		ADDED from AndroidManifest.xml:7:9
	android:icon
		ADDED from AndroidManifest.xml:8:9
	android:theme
		ADDED from AndroidManifest.xml:10:9
activity#com.example.i42mogoj.pfctest1.MainActivity
ADDED from AndroidManifest.xml:12:9
	android:screenOrientation
		ADDED from AndroidManifest.xml:15:13
	android:label
		ADDED from AndroidManifest.xml:14:13
	android:name
		ADDED from AndroidManifest.xml:13:13
intent-filter#android.intent.action.MAIN+android.intent.category.LAUNCHER
ADDED from AndroidManifest.xml:16:13
action#android.intent.action.MAIN
ADDED from AndroidManifest.xml:17:17
	android:name
		ADDED from AndroidManifest.xml:17:25
category#android.intent.category.LAUNCHER
ADDED from AndroidManifest.xml:19:17
	android:name
		ADDED from AndroidManifest.xml:19:27
activity#com.example.i42mogoj.pfctest1.MenuEntradaActivity
ADDED from AndroidManifest.xml:22:9
	android:screenOrientation
		ADDED from AndroidManifest.xml:23:13
	android:name
		ADDED from AndroidManifest.xml:22:19
activity#com.example.i42mogoj.pfctest1.ImcActivity
ADDED from AndroidManifest.xml:24:9
	android:screenOrientation
		ADDED from AndroidManifest.xml:25:13
	android:name
		ADDED from AndroidManifest.xml:24:19
activity#com.example.i42mogoj.pfctest1.CuestionarioActivity
ADDED from AndroidManifest.xml:26:9
	android:screenOrientation
		ADDED from AndroidManifest.xml:27:13
	android:name
		ADDED from AndroidManifest.xml:26:19
activity#com.example.i42mogoj.pfctest1.RegistroActivity
ADDED from AndroidManifest.xml:28:9
	android:screenOrientation
		ADDED from AndroidManifest.xml:29:13
	android:name
		ADDED from AndroidManifest.xml:28:19
activity#com.example.i42mogoj.pfctest1.VistaRegistros
ADDED from AndroidManifest.xml:31:9
	android:screenOrientation
		ADDED from AndroidManifest.xml:31:50
	android:name
		ADDED from AndroidManifest.xml:31:19
activity#com.example.i42mogoj.pfctest1.MenuGuias
ADDED from AndroidManifest.xml:32:9
	android:screenOrientation
		ADDED from AndroidManifest.xml:32:45
	android:name
		ADDED from AndroidManifest.xml:32:19
activity#com.example.i42mogoj.pfctest1.VisorGuia1
ADDED from AndroidManifest.xml:33:9
	android:name
		ADDED from AndroidManifest.xml:33:19
activity#com.example.i42mogoj.pfctest1.VisorGuia2
ADDED from AndroidManifest.xml:34:9
	android:name
		ADDED from AndroidManifest.xml:34:19
activity#com.example.i42mogoj.pfctest1.VisorGuia3
ADDED from AndroidManifest.xml:35:9
	android:name
		ADDED from AndroidManifest.xml:35:19
activity#com.example.i42mogoj.pfctest1.SimpleXYPlotActivity
ADDED from AndroidManifest.xml:36:9
	android:screenOrientation
		ADDED from AndroidManifest.xml:36:56
	android:name
		ADDED from AndroidManifest.xml:36:19
activity#com.example.i42mogoj.pfctest1.VisorPDF
ADDED from AndroidManifest.xml:37:9
	android:name
		ADDED from AndroidManifest.xml:37:19
uses-sdk
INJECTED from AndroidManifest.xml:0:0 reason: use-sdk injection requested
MERGED from com.android.support:appcompat-v7:21.0.3:15:5
MERGED from com.android.support:support-v4:21.0.3:15:5
	android:targetSdkVersion
		INJECTED from AndroidManifest.xml:0:0
		INJECTED from AndroidManifest.xml:0:0
	android:minSdkVersion
		INJECTED from AndroidManifest.xml:0:0
		INJECTED from AndroidManifest.xml:0:0